2020-09-18 21:01:59,231 [      0]   INFO -        #com.intellij.idea.Main - ------------------------------------------------------ IDE STARTED ------------------------------------------------------ 
2020-09-18 21:01:59,936 [    705]   INFO - ntellij.idea.ApplicationLoader - CPU cores: 4; ForkJoinPool.commonPool: java.util.concurrent.ForkJoinPool@25996d32[Running, parallelism = 4, size = 0, active = 0, running = 0, steals = 0, tasks = 0, submissions = 0]; factory: com.intellij.concurrency.IdeaForkJoinWorkerThreadFactory@4d54af22 
2020-09-18 21:02:00,234 [   1003]   INFO -        #com.intellij.idea.Main - IDE: IntelliJ IDEA (build #IC-193.5233.102, 28 Nov 2019 02:47) 
2020-09-18 21:02:00,234 [   1003]   INFO -        #com.intellij.idea.Main - OS: Windows 7 (6.1, amd64) 
2020-09-18 21:02:00,235 [   1004]   INFO -        #com.intellij.idea.Main - JRE: 11.0.4+10-b520.11 (JetBrains s.r.o) 
2020-09-18 21:02:00,235 [   1004]   INFO -        #com.intellij.idea.Main - JVM: 11.0.4+10-b520.11 (OpenJDK 64-Bit Server VM) 
2020-09-18 21:02:00,241 [   1010]   INFO -        #com.intellij.idea.Main - JNA library (64-bit) loaded in 813 ms 
2020-09-18 21:02:00,241 [   1010]   INFO -        #com.intellij.idea.Main - JVM Args: -Didea.classpath.index.enabled=false -Didea.config.path=C:\Users\Anthony_2\IdeaProjects\hitalk-intellij\build\idea-sandbox\config -Didea.is.internal=true -Didea.platform.prefix=Idea -Didea.plugins.path=C:\Users\Anthony_2\IdeaProjects\hitalk-intellij\build\idea-sandbox\plugins -Didea.required.plugins.id=org.logtalk -Didea.system.path=C:\Users\Anthony_2\IdeaProjects\hitalk-intellij\build\idea-sandbox\system -Xms256m -Xmx512m -Dfile.encoding=windows-1251 -Duser.country=RU -Duser.language=ru -Duser.variant -ea 
2020-09-18 21:02:00,241 [   1010]   INFO -        #com.intellij.idea.Main - charsets: JNU=Cp1251 file=windows-1251 
2020-09-18 21:02:00,817 [   1586]   INFO - penapi.util.io.win32.IdeaWin32 - Native filesystem for Windows is operational 
2020-09-18 21:02:03,702 [   4471]   INFO - llij.ide.plugins.PluginManager - Plugin "Groovy" misses optional descriptor duplicates-groovy.xml 
2020-09-18 21:02:03,702 [   4471]   INFO - llij.ide.plugins.PluginManager - Plugin "Groovy" misses optional descriptor duplicates-detection-groovy.xml 
2020-09-18 21:02:08,142 [   8911]   INFO - llij.ide.plugins.PluginManager - Plugin "Java" misses optional descriptor profiler-java.xml 
2020-09-18 21:02:08,544 [   9313]   INFO - llij.ide.plugins.PluginManager - Loaded bundled plugins: Android Support (10.3.5), Ant (193.5233.102), Bytecode Viewer (193.5233.102), ChangeReminder (193.5233.102), Configuration Script (193.5233.102), Copyright (193.5233.102), Coverage (193.5233.102), Eclipse Interoperability (193.5233.102), EditorConfig (193.5233.102), Git (193.5233.102), GitHub (193.5233.102), Gradle (193.5233.102), Gradle-Java (193.5233.102), Gradle-Maven (193.5233.102), Groovy (193.5233.102), IDEA CORE (193.5233.102), IntelliLang (193.5233.102), JUnit (193.5233.102), Java (193.5233.102), Java Bytecode Decompiler (193.5233.102), Java IDE Customization (193.5233.102), Java Internationalization (193.5233.102), Java Stream Debugger (193.5233.102), JavaFX (193.5233.102), Kotlin (1.3.60-release-IJ2019.3-1), Machine Learning Code Completion (193.5233.102), Markdown (193.5233.102), Maven (193.5233.102), Mercurial (193.5233.102), Plugin DevKit (193.5233.102), Properties (193.5233.102), Settings Repository (193.5233.102), Shell Script (193.5233.102), Smali Support (193.5233.102), Subversion (193.5233.102), Task Management (193.5233.102), Terminal (193.5233.102), TestNG (193.5233.102), TextMate bundles (193.5233.102), UI Designer (193.5233.102), XPathView + XSLT (193.5233.102), XSLT Debugger (193.5233.102), YAML (193.5233.102) 
2020-09-18 21:02:08,544 [   9313]   INFO - llij.ide.plugins.PluginManager - Loaded custom plugins: Logtalk (1.0.15) 
2020-09-18 21:02:18,790 [  19559]   INFO - fs.newvfs.persistent.FSRecords - Marking VFS as corrupted: 'C:\Users\Anthony_2\IdeaProjects\hitalk-intellij\build\idea-sandbox\system\caches\names.dat' does not exist 
2020-09-18 21:02:18,832 [  19601]   INFO - ellij.util.io.PagedFileStorage - lower=100; upper=492; buffer=10; max=492 
2020-09-18 21:02:19,377 [  20146]   INFO - com.intellij.util.ui.JBUIScale - System scale factor: 1.0 (IDE-managed HiDPI) 
2020-09-18 21:02:19,495 [  20264]   INFO - til.net.ssl.CertificateManager - Default SSL context initialized 
2020-09-18 21:02:19,852 [  20621]   INFO - pl.local.NativeFileWatcherImpl - Native file watcher is disabled 
2020-09-18 21:02:20,089 [  20858]   INFO - org.jetbrains.io.BuiltInServer - We cannot bind to our default range, so, try to bind to any free port 
2020-09-18 21:02:20,096 [  20865]   INFO - rains.ide.BuiltInServerManager - built-in server started, port 9247 
2020-09-18 21:02:33,509 [  34278]   INFO - ij.psi.stubs.StubUpdatingIndex - Following new file types will be indexed:DGM,Kotlin,JAVA,CLASS,Markdown,kotlin_builtins,Properties,HTML,KJSM,KNM,Groovy,XML 
2020-09-18 21:02:43,777 [  44546]   INFO - il.indexing.FileBasedIndexImpl - Indices to be built:FrameworkDetectionIndex,TodoIndex,IdIndex,FilenameIndex,filetypes,Stubs,Trigram.Index,fileIncludes,DomFileIndex,RelaxSymbolIndex,XmlTagNames,XmlNamespaces,html5.custom.attributes.index,SchemaTypeInheritance,json.file.root.values,ImageFileInfoIndex,bytecodeAnalysis,java.auto.module.name,java.null.method.argument,java.simple.property,java.fun.expression,java.binary.plus.expression,RefQueueIndex,xmlProperties,ant-imports,XsltSymbolIndex,GroovyDslFileIndex,groovy.trait.fields,groovy.trait.methods,FormClassIndex,IdeaPluginRegistrationIndex,PluginIdModuleIndex,PluginIdDependenciesIndex,devkit.ExtensionPointIndex,editorconfig.index.name,org.jetbrains.kotlin.idea.versions.KotlinJvmMetadataVersionIndex,org.jetbrains.kotlin.idea.versions.KotlinJsMetadataVersionIndex,org.jetbrains.kotlin.idea.vfilefinder.KotlinClassFileIndex,org.jetbrains.kotlin.idea.vfilefinder.KotlinJavaScriptMetaFileIndex,org.jetbrains.kotlin.idea.vfilefinder.KotlinMetadataFileIndex,org.jetbrains.kotlin.idea.vfilefinder.KotlinMetadataFilePackageIndex,org.jetbrains.kotlin.idea.vfilefinder.KotlinModuleMappingIndex,org.jetbrains.kotlin.idea.vfilefinder.KotlinPackageSourcesMemberNamesIndex,org.jetbrains.kotlin.idea.vfilefinder.KotlinJvmModuleAnnotationsIndex,org.jetbrains.kotlin.ide.konan.index.KotlinNativeMetaFileIndex,DataBindingXmlIndex,JavaFxControllerClassIndex,javafx.id.name,javafx.custom.component,yaml.keys.name 
2020-09-18 21:02:43,827 [  44596]   INFO - pl$FileIndexDataInitialization - Initialization done: 24153 
2020-09-18 21:02:51,103 [  51872]   INFO - tellij.psi.stubs.StubIndexImpl - Following stub indices will be built:dom.namespaceKey,dom.elementClass,java.annotations,java.class.extlist,java.field.name,java.method.name,jvm.static.member.name,jvm.static.member.type,java.anonymous.baseref,java.method.parameter.types,java.class.shortname,java.class.fqn,java.module.name,properties.index,gr.class.fqn,gr.script.fqn,gr.field.name,gr.method.name,gr.annot.method.name,gr.annot.members,gr.script.class,gr.class.super,gr.anonymous.class,markdown.header,org.jetbrains.kotlin.idea.stubindex.KotlinExactPackagesIndex,org.jetbrains.kotlin.idea.stubindex.KotlinTopLevelClassByPackageIndex,org.jetbrains.kotlin.idea.stubindex.KotlinTopLevelFunctionByPackageIndex,org.jetbrains.kotlin.idea.stubindex.KotlinTopLevelPropertyByPackageIndex,org.jetbrains.kotlin.idea.stubindex.KotlinTopLevelTypeAliasByPackageIndex,org.jetbrains.kotlin.idea.stubindex.KotlinClassShortNameIndex,org.jetbrains.kotlin.idea.stubindex.KotlinFullClassNameIndex,org.jetbrains.kotlin.idea.stubindex.KotlinPropertyShortNameIndex,org.jetbrains.kotlin.idea.stubindex.KotlinFunctionShortNameIndex,org.jetbrains.kotlin.idea.stubindex.KotlinTypeAliasShortNameIndex,org.jetbrains.kotlin.idea.stubindex.KotlinSuperClassIndex,org.jetbrains.kotlin.idea.stubindex.KotlinTopLevelFunctionFqnNameIndex,org.jetbrains.kotlin.idea.stubindex.KotlinTopLevelPropertyFqnNameIndex,org.jetbrains.kotlin.idea.stubindex.KotlinTopLevelTypeAliasFqNameIndex,org.jetbrains.kotlin.idea.stubindex.KotlinTopLevelExtensionsByReceiverTypeIndex,org.jetbrains.kotlin.idea.stubindex.KotlinAnnotationsIndex,org.jetbrains.kotlin.idea.stubindex.KotlinProbablyNothingFunctionShortNameIndex,org.jetbrains.kotlin.idea.stubindex.KotlinProbablyNothingPropertyShortNameIndex,org.jetbrains.kotlin.idea.stubindex.KotlinProbablyContractedFunctionShortNameIndex,org.jetbrains.kotlin.idea.stubindex.KotlinFileFacadeFqNameIndex,org.jetbrains.kotlin.idea.stubindex.KotlinFilePartClassIndex,org.jetbrains.kotlin.idea.stubindex.KotlinFileFacadeClassByPackageIndex,org.jetbrains.kotlin.idea.stubindex.KotlinFileFacadeShortNameIndex,org.jetbrains.kotlin.idea.stubindex.KotlinMultifileClassPartIndex,org.jetbrains.kotlin.idea.stubindex.KotlinScriptFqnIndex,org.jetbrains.kotlin.idea.stubindex.KotlinTypeAliasByExpansionShortNameIndex,org.jetbrains.kotlin.idea.stubindex.KotlinOverridableInternalMembersShortNameIndex 
2020-09-18 21:02:51,103 [  51872]   INFO - exImpl$StubIndexInitialization - Initialization done: 7272 
2020-09-18 21:02:51,133 [  51902]   WARN - ConfigurableExtensionPointUtil - ignore deprecated groupId: language for id: preferences.language.Kotlin.scripting 
2020-09-18 21:02:55,095 [  55864]   INFO - pi.util.registry.RegistryValue - Registry value 'java.completion.argument.hints' has changed to 'false' 
2020-09-18 21:02:55,095 [  55864]   INFO - pi.util.registry.RegistryValue - Registry value 'java.completion.argument.hints.internal' has changed to 'false' 
2020-09-18 21:03:07,866 [  68635]   INFO - CompilerWorkspaceConfiguration - Available processors: 4 
2020-09-18 21:03:17,873 [  78642]   INFO - com.intellij.ide.ui.UISettings - Loaded: fontSize=13, fontScale=1.0; restored: fontSize=13, fontScale=1.0 
2020-09-18 21:03:30,118 [  90887]   INFO - il.indexing.FileBasedIndexImpl - START INDEX SHUTDOWN 
2020-09-18 21:03:30,276 [  91045]   INFO - il.indexing.FileBasedIndexImpl - END INDEX SHUTDOWN 
2020-09-18 21:03:30,276 [  91045]   INFO - stubs.SerializationManagerImpl - START StubSerializationManager SHUTDOWN 
2020-09-18 21:03:30,276 [  91045]   INFO - stubs.SerializationManagerImpl - END StubSerializationManager SHUTDOWN 
2020-09-18 21:03:30,276 [  91045]   INFO - newvfs.persistent.PersistentFS - VFS dispose started 
2020-09-18 21:03:30,276 [  91045]   INFO - newvfs.persistent.PersistentFS - VFS dispose completed 
2020-09-18 21:03:30,286 [  91055]   INFO -        #com.intellij.idea.Main - ------------------------------------------------------ IDE SHUTDOWN ------------------------------------------------------ 
2020-09-18 21:03:30,286 [  91055]   INFO - org.jetbrains.io.BuiltInServer - web server stopped 
